<?xml version="1.0" encoding="UTF-8"?>
<robot generator="Robot 7.1.1 (Python 3.9.15 on darwin)" generated="2024-11-14T09:10:15.476993" rpa="false" schemaversion="5">
<suite id="s1" name="Atcmd" source="/Users/HannahHoang/Desktop-/Metropolia-STUDY/Test_automation/gogs-repo/robot-test/atcmd.robot">
<kw name="Suite setup" owner="common_keywords" type="SETUP">
<kw name="Send AT command" owner="common_keywords">
<kw name="Send Command" owner="AtCommandLibrary">
<arg>AT</arg>
<status status="PASS" start="2024-11-14T09:10:15.552059" elapsed="0.005597"/>
</kw>
<kw name="Response Should Be" owner="AtCommandLibrary">
<arg>AT</arg>
<status status="PASS" start="2024-11-14T09:10:15.557960" elapsed="0.000320"/>
</kw>
<kw name="Response Should Be" owner="AtCommandLibrary">
<arg>OK</arg>
<status status="PASS" start="2024-11-14T09:10:15.558401" elapsed="0.000570"/>
</kw>
<status status="PASS" start="2024-11-14T09:10:15.551571" elapsed="0.007478"/>
</kw>
<kw name="Switch local echo off" owner="common_keywords">
<kw name="Send Command" owner="AtCommandLibrary">
<arg>ATE0</arg>
<status status="PASS" start="2024-11-14T09:10:15.559384" elapsed="0.000149"/>
</kw>
<kw name="Response Should Be" owner="AtCommandLibrary">
<arg>ATE0</arg>
<status status="PASS" start="2024-11-14T09:10:15.559676" elapsed="0.000314"/>
</kw>
<kw name="Response Should Be" owner="AtCommandLibrary">
<arg>OK</arg>
<status status="PASS" start="2024-11-14T09:10:15.560217" elapsed="0.000160"/>
</kw>
<status status="PASS" start="2024-11-14T09:10:15.559203" elapsed="0.001236"/>
</kw>
<kw name="Check echo status" owner="common_keywords">
<kw name="Send Command" owner="AtCommandLibrary">
<arg>ATE</arg>
<status status="PASS" start="2024-11-14T09:10:15.560761" elapsed="0.000137"/>
</kw>
<kw name="Response Should Be" owner="AtCommandLibrary">
<arg>${expected_status}</arg>
<status status="PASS" start="2024-11-14T09:10:15.561032" elapsed="0.000502"/>
</kw>
<arg>OFF</arg>
<status status="PASS" start="2024-11-14T09:10:15.560565" elapsed="0.001043"/>
</kw>
<status status="PASS" start="2024-11-14T09:10:15.551125" elapsed="0.010570"/>
</kw>
<test id="s1-t1" name="Only letters lowecase" line="15">
<kw name="Send text to Pico" owner="common_keywords">
<kw name="Send Text" owner="AtCommandLibrary">
<arg>${command}</arg>
<status status="PASS" start="2024-11-14T09:10:15.562558" elapsed="0.002193"/>
</kw>
<kw name="Response Should Be" owner="AtCommandLibrary">
<arg>SENT="${response}"</arg>
<status status="PASS" start="2024-11-14T09:10:15.564986" elapsed="0.000744"/>
</kw>
<kw name="Response Should Be" owner="AtCommandLibrary">
<arg>OK</arg>
<status status="PASS" start="2024-11-14T09:10:15.565843" elapsed="0.000227"/>
</kw>
<arg>this is a test</arg>
<arg>THIS IS A TEST</arg>
<status status="PASS" start="2024-11-14T09:10:15.562263" elapsed="0.003868"/>
</kw>
<tag>text_only</tag>
<status status="PASS" start="2024-11-14T09:10:15.561779" elapsed="0.004508"/>
</test>
<test id="s1-t2" name="Only Uppercase" line="18">
<kw name="Send text to Pico" owner="common_keywords">
<kw name="Send Text" owner="AtCommandLibrary">
<arg>${command}</arg>
<status status="PASS" start="2024-11-14T09:10:15.567462" elapsed="0.002208"/>
</kw>
<kw name="Response Should Be" owner="AtCommandLibrary">
<arg>SENT="${response}"</arg>
<status status="PASS" start="2024-11-14T09:10:15.569902" elapsed="0.000673"/>
</kw>
<kw name="Response Should Be" owner="AtCommandLibrary">
<arg>OK</arg>
<status status="PASS" start="2024-11-14T09:10:15.570690" elapsed="0.000149"/>
</kw>
<arg>ABCDEFG</arg>
<arg>ABCDEFG</arg>
<status status="PASS" start="2024-11-14T09:10:15.567192" elapsed="0.003709"/>
</kw>
<tag>text_only</tag>
<status status="PASS" start="2024-11-14T09:10:15.566797" elapsed="0.004284"/>
</test>
<test id="s1-t3" name="Lower, Uppercase letters" line="21">
<kw name="Send text to Pico" owner="common_keywords">
<kw name="Send Text" owner="AtCommandLibrary">
<arg>${command}</arg>
<status status="PASS" start="2024-11-14T09:10:15.572085" elapsed="0.002188"/>
</kw>
<kw name="Response Should Be" owner="AtCommandLibrary">
<arg>SENT="${response}"</arg>
<status status="PASS" start="2024-11-14T09:10:15.574505" elapsed="0.000736"/>
</kw>
<kw name="Response Should Be" owner="AtCommandLibrary">
<arg>OK</arg>
<status status="PASS" start="2024-11-14T09:10:15.575352" elapsed="0.000148"/>
</kw>
<arg>tHis Is a test</arg>
<arg>THIS IS A TEST</arg>
<status status="PASS" start="2024-11-14T09:10:15.571803" elapsed="0.003767"/>
</kw>
<tag>text_only</tag>
<status status="PASS" start="2024-11-14T09:10:15.571431" elapsed="0.004332"/>
</test>
<test id="s1-t4" name="Only numbers" line="24">
<kw name="Send text to Pico" owner="common_keywords">
<kw name="Send Text" owner="AtCommandLibrary">
<arg>${command}</arg>
<status status="PASS" start="2024-11-14T09:10:15.576838" elapsed="0.002029"/>
</kw>
<kw name="Response Should Be" owner="AtCommandLibrary">
<arg>SENT="${response}"</arg>
<status status="PASS" start="2024-11-14T09:10:15.579096" elapsed="0.000516"/>
</kw>
<kw name="Response Should Be" owner="AtCommandLibrary">
<arg>OK</arg>
<status status="PASS" start="2024-11-14T09:10:15.579731" elapsed="0.000151"/>
</kw>
<arg>1234</arg>
<arg>1234</arg>
<status status="PASS" start="2024-11-14T09:10:15.576546" elapsed="0.003400"/>
</kw>
<tag>numerical</tag>
<status status="PASS" start="2024-11-14T09:10:15.576136" elapsed="0.003986"/>
</test>
<test id="s1-t5" name="Both numbers and letters" line="27">
<kw name="Send text to Pico" owner="common_keywords">
<kw name="Send Text" owner="AtCommandLibrary">
<arg>${command}</arg>
<status status="PASS" start="2024-11-14T09:10:15.581188" elapsed="0.002043"/>
</kw>
<kw name="Response Should Be" owner="AtCommandLibrary">
<arg>SENT="${response}"</arg>
<status status="PASS" start="2024-11-14T09:10:15.583415" elapsed="0.001418"/>
</kw>
<kw name="Response Should Be" owner="AtCommandLibrary">
<arg>OK</arg>
<status status="PASS" start="2024-11-14T09:10:15.584979" elapsed="0.000230"/>
</kw>
<arg>number is 12</arg>
<arg>NUMBER IS 12</arg>
<status status="PASS" start="2024-11-14T09:10:15.580846" elapsed="0.004438"/>
</kw>
<tag>mixed</tag>
<status status="PASS" start="2024-11-14T09:10:15.580419" elapsed="0.005093"/>
</test>
<test id="s1-t6" name="Empty" line="29">
<kw name="Send text to Pico" owner="common_keywords">
<kw name="Send Text" owner="AtCommandLibrary">
<arg>${command}</arg>
<status status="PASS" start="2024-11-14T09:10:15.587127" elapsed="0.001990"/>
</kw>
<kw name="Response Should Be" owner="AtCommandLibrary">
<arg>SENT="${response}"</arg>
<status status="PASS" start="2024-11-14T09:10:15.589296" elapsed="0.000500"/>
</kw>
<kw name="Response Should Be" owner="AtCommandLibrary">
<arg>OK</arg>
<status status="PASS" start="2024-11-14T09:10:15.589934" elapsed="0.000163"/>
</kw>
<arg>${EMPTY}</arg>
<arg>${EMPTY}</arg>
<status status="PASS" start="2024-11-14T09:10:15.586233" elapsed="0.003933"/>
</kw>
<tag>mixed</tag>
<status status="PASS" start="2024-11-14T09:10:15.585841" elapsed="0.004502"/>
</test>
<test id="s1-t7" name="Only Space" line="32">
<kw name="Send text to Pico" owner="common_keywords">
<kw name="Send Text" owner="AtCommandLibrary">
<arg>${command}</arg>
<status status="PASS" start="2024-11-14T09:10:15.591986" elapsed="0.002290"/>
</kw>
<kw name="Response Should Be" owner="AtCommandLibrary">
<arg>SENT="${response}"</arg>
<status status="PASS" start="2024-11-14T09:10:15.594556" elapsed="0.000621"/>
</kw>
<kw name="Response Should Be" owner="AtCommandLibrary">
<arg>OK</arg>
<status status="PASS" start="2024-11-14T09:10:15.595295" elapsed="0.000142"/>
</kw>
<arg>${SPACE*10}</arg>
<arg>${SPACE*10}</arg>
<status status="PASS" start="2024-11-14T09:10:15.590933" elapsed="0.004568"/>
</kw>
<tag>mixed</tag>
<status status="PASS" start="2024-11-14T09:10:15.590576" elapsed="0.005152"/>
</test>
<test id="s1-t8" name="Only Tab" line="35">
<kw name="Send text to Pico" owner="common_keywords">
<kw name="Send Text" owner="AtCommandLibrary">
<arg>${command}</arg>
<status status="PASS" start="2024-11-14T09:10:15.596850" elapsed="0.002242"/>
</kw>
<kw name="Response Should Be" owner="AtCommandLibrary">
<arg>SENT="${response}"</arg>
<status status="PASS" start="2024-11-14T09:10:15.599365" elapsed="0.000451"/>
</kw>
<kw name="Response Should Be" owner="AtCommandLibrary">
<arg>OK</arg>
<status status="PASS" start="2024-11-14T09:10:15.600005" elapsed="0.000152"/>
</kw>
<arg>\t</arg>
<arg>${SPACE}</arg>
<status status="PASS" start="2024-11-14T09:10:15.596537" elapsed="0.003686"/>
</kw>
<tag>mixed</tag>
<status status="PASS" start="2024-11-14T09:10:15.596080" elapsed="0.004326"/>
</test>
<test id="s1-t9" name="Only Characters" line="38">
<kw name="Send text to Pico" owner="common_keywords">
<kw name="Send Text" owner="AtCommandLibrary">
<arg>${command}</arg>
<status status="PASS" start="2024-11-14T09:10:15.601341" elapsed="0.002090"/>
</kw>
<kw name="Response Should Be" owner="AtCommandLibrary">
<arg>SENT="${response}"</arg>
<status status="PASS" start="2024-11-14T09:10:15.603618" elapsed="0.000586"/>
</kw>
<kw name="Response Should Be" owner="AtCommandLibrary">
<arg>OK</arg>
<status status="PASS" start="2024-11-14T09:10:15.604329" elapsed="0.000147"/>
</kw>
<arg>*!#?;&amp;@</arg>
<arg>XXXXXXX</arg>
<status status="PASS" start="2024-11-14T09:10:15.601081" elapsed="0.003458"/>
</kw>
<tag>mixed</tag>
<status status="PASS" start="2024-11-14T09:10:15.600628" elapsed="0.004156"/>
</test>
<test id="s1-t10" name="Only Quotation" line="41">
<kw name="Send text to Pico" owner="common_keywords">
<kw name="Send Text" owner="AtCommandLibrary">
<arg>${command}</arg>
<status status="PASS" start="2024-11-14T09:10:15.606318" elapsed="0.001897"/>
</kw>
<kw name="Response Should Be" owner="AtCommandLibrary">
<arg>SENT="${response}"</arg>
<status status="PASS" start="2024-11-14T09:10:15.608436" elapsed="0.000407"/>
</kw>
<kw name="Response Should Be" owner="AtCommandLibrary">
<arg>OK</arg>
<status status="PASS" start="2024-11-14T09:10:15.608987" elapsed="0.000179"/>
</kw>
<arg>\'\'</arg>
<arg>XX</arg>
<status status="PASS" start="2024-11-14T09:10:15.605638" elapsed="0.003599"/>
</kw>
<tag>mixed</tag>
<status status="PASS" start="2024-11-14T09:10:15.605155" elapsed="0.004289"/>
</test>
<test id="s1-t11" name="Only Double Quotation" line="44">
<kw name="Send text to Pico" owner="common_keywords">
<kw name="Send Text" owner="AtCommandLibrary">
<arg>${command}</arg>
<status status="PASS" start="2024-11-14T09:10:15.611012" elapsed="0.001883"/>
</kw>
<kw name="Response Should Be" owner="AtCommandLibrary">
<arg>SENT="${response}"</arg>
<status status="PASS" start="2024-11-14T09:10:15.613091" elapsed="0.000682"/>
</kw>
<kw name="Response Should Be" owner="AtCommandLibrary">
<arg>OK</arg>
<status status="PASS" start="2024-11-14T09:10:15.613903" elapsed="0.000152"/>
</kw>
<arg>\"\"</arg>
<arg>${EMPTY}</arg>
<status status="PASS" start="2024-11-14T09:10:15.610300" elapsed="0.003821"/>
</kw>
<tag>mixed</tag>
<status status="PASS" start="2024-11-14T09:10:15.609774" elapsed="0.004589"/>
</test>
<test id="s1-t12" name="Printable ASCII" line="47">
<kw name="Send text to Pico" owner="common_keywords">
<kw name="Send Text" owner="AtCommandLibrary">
<arg>${command}</arg>
<status status="PASS" start="2024-11-14T09:10:15.615402" elapsed="0.001851"/>
</kw>
<kw name="Response Should Be" owner="AtCommandLibrary">
<arg>SENT="${response}"</arg>
<status status="PASS" start="2024-11-14T09:10:15.617434" elapsed="0.000757"/>
</kw>
<kw name="Response Should Be" owner="AtCommandLibrary">
<arg>OK</arg>
<status status="PASS" start="2024-11-14T09:10:15.618292" elapsed="0.000134"/>
</kw>
<arg>! # $ % &amp; ' ...</arg>
<arg>X X X X X X XXX</arg>
<status status="PASS" start="2024-11-14T09:10:15.615055" elapsed="0.003432"/>
</kw>
<tag>mixed</tag>
<status status="PASS" start="2024-11-14T09:10:15.614615" elapsed="0.004046"/>
</test>
<test id="s1-t13" name="Letters, Numbers" line="50">
<kw name="Send text to Pico" owner="common_keywords">
<kw name="Send Text" owner="AtCommandLibrary">
<arg>${command}</arg>
<status status="PASS" start="2024-11-14T09:10:15.619726" elapsed="0.001623"/>
</kw>
<kw name="Response Should Be" owner="AtCommandLibrary">
<arg>SENT="${response}"</arg>
<status status="PASS" start="2024-11-14T09:10:15.621539" elapsed="0.000506"/>
</kw>
<kw name="Response Should Be" owner="AtCommandLibrary">
<arg>OK</arg>
<status status="PASS" start="2024-11-14T09:10:15.622161" elapsed="0.000156"/>
</kw>
<arg>abc123</arg>
<arg>ABC123</arg>
<status status="PASS" start="2024-11-14T09:10:15.619454" elapsed="0.002923"/>
</kw>
<tag>mixed</tag>
<status status="PASS" start="2024-11-14T09:10:15.619021" elapsed="0.003510"/>
</test>
<test id="s1-t14" name="Characters and numbers" line="53">
<kw name="Send text to Pico" owner="common_keywords">
<kw name="Send Text" owner="AtCommandLibrary">
<arg>${command}</arg>
<status status="PASS" start="2024-11-14T09:10:15.623392" elapsed="0.001398"/>
</kw>
<kw name="Response Should Be" owner="AtCommandLibrary">
<arg>SENT="${response}"</arg>
<status status="PASS" start="2024-11-14T09:10:15.624947" elapsed="0.000509"/>
</kw>
<kw name="Response Should Be" owner="AtCommandLibrary">
<arg>OK</arg>
<status status="PASS" start="2024-11-14T09:10:15.625605" elapsed="0.000190"/>
</kw>
<arg>!*%4!22?</arg>
<arg>XXX4X22X</arg>
<status status="PASS" start="2024-11-14T09:10:15.623123" elapsed="0.002767"/>
</kw>
<tag>mixed</tag>
<status status="PASS" start="2024-11-14T09:10:15.622753" elapsed="0.003357"/>
</test>
<test id="s1-t15" name="Combining Different Char" line="56">
<kw name="Send text to Pico" owner="common_keywords">
<kw name="Send Text" owner="AtCommandLibrary">
<arg>${command}</arg>
<status status="PASS" start="2024-11-14T09:10:15.627137" elapsed="0.001790"/>
</kw>
<kw name="Response Should Be" owner="AtCommandLibrary">
<arg>SENT="${response}"</arg>
<status status="PASS" start="2024-11-14T09:10:15.629286" elapsed="0.000569"/>
</kw>
<kw name="Response Should Be" owner="AtCommandLibrary">
<arg>OK</arg>
<status status="PASS" start="2024-11-14T09:10:15.630005" elapsed="0.000169"/>
</kw>
<arg>Hello*/ world!12?</arg>
<arg>HELLOXX WORLDX12X</arg>
<status status="PASS" start="2024-11-14T09:10:15.626826" elapsed="0.003419"/>
</kw>
<tag>mixed</tag>
<status status="PASS" start="2024-11-14T09:10:15.626379" elapsed="0.004070"/>
</test>
<test id="s1-t16" name="Letters, Numbers, Char" line="59">
<kw name="Send text to Pico" owner="common_keywords">
<kw name="Send Text" owner="AtCommandLibrary">
<arg>${command}</arg>
<status status="PASS" start="2024-11-14T09:10:15.631432" elapsed="0.001574"/>
</kw>
<kw name="Response Should Be" owner="AtCommandLibrary">
<arg>SENT="${response}"</arg>
<status status="PASS" start="2024-11-14T09:10:15.633283" elapsed="0.000808"/>
</kw>
<kw name="Response Should Be" owner="AtCommandLibrary">
<arg>OK</arg>
<status status="PASS" start="2024-11-14T09:10:15.634218" elapsed="0.000294"/>
</kw>
<arg>thIs iS STRiNG &amp;&amp; 123</arg>
<arg>THIS IS STRING XX 123</arg>
<status status="PASS" start="2024-11-14T09:10:15.631134" elapsed="0.003442"/>
</kw>
<tag>mixed</tag>
<status status="PASS" start="2024-11-14T09:10:15.630730" elapsed="0.004096"/>
</test>
<test id="s1-t17" name="Long text" line="62">
<kw name="Send text to Pico" owner="common_keywords">
<kw name="Send Text" owner="AtCommandLibrary">
<arg>${command}</arg>
<status status="PASS" start="2024-11-14T09:10:15.635930" elapsed="0.002029"/>
</kw>
<kw name="Response Should Be" owner="AtCommandLibrary">
<arg>SENT="${response}"</arg>
<status status="PASS" start="2024-11-14T09:10:15.638125" elapsed="0.002392"/>
</kw>
<kw name="Response Should Be" owner="AtCommandLibrary">
<arg>OK</arg>
<status status="PASS" start="2024-11-14T09:10:15.640636" elapsed="0.000145"/>
</kw>
<arg>this is very long long long long long long long long text</arg>
<arg>THIS IS VERY LONG LONG LONG LONG LONG LONG LONG LONG TEXT</arg>
<status status="PASS" start="2024-11-14T09:10:15.635642" elapsed="0.005200"/>
</kw>
<tag>text_only</tag>
<status status="PASS" start="2024-11-14T09:10:15.635111" elapsed="0.006041"/>
</test>
<kw name="Suite teardown" owner="common_keywords" type="TEARDOWN">
<kw name="Switch local echo on" owner="common_keywords">
<kw name="Send Command" owner="AtCommandLibrary">
<arg>ATE1</arg>
<status status="PASS" start="2024-11-14T09:10:15.642320" elapsed="0.000163"/>
</kw>
<kw name="Response Should Be" owner="AtCommandLibrary">
<arg>OK</arg>
<status status="PASS" start="2024-11-14T09:10:15.642655" elapsed="0.000459"/>
</kw>
<status status="PASS" start="2024-11-14T09:10:15.642152" elapsed="0.001036"/>
</kw>
<kw name="Check echo status" owner="common_keywords">
<kw name="Send Command" owner="AtCommandLibrary">
<arg>ATE</arg>
<status status="PASS" start="2024-11-14T09:10:15.643563" elapsed="0.000181"/>
</kw>
<kw name="Response Should Be" owner="AtCommandLibrary">
<arg>${expected_status}</arg>
<status status="PASS" start="2024-11-14T09:10:15.643883" elapsed="0.000274"/>
</kw>
<arg>ATE</arg>
<status status="PASS" start="2024-11-14T09:10:15.643342" elapsed="0.000892"/>
</kw>
<kw name="Response Should Be" owner="AtCommandLibrary">
<arg>ON</arg>
<status status="PASS" start="2024-11-14T09:10:15.644329" elapsed="0.000137"/>
</kw>
<status status="PASS" start="2024-11-14T09:10:15.641925" elapsed="0.002607"/>
</kw>
<doc>Example of morse transmitter test

Change this example to use data driven style
Test with different texts and speeds</doc>
<status status="PASS" start="2024-11-14T09:10:15.481132" elapsed="0.163428"/>
</suite>
<statistics>
<total>
<stat pass="17" fail="0" skip="0">All Tests</stat>
</total>
<tag>
<stat pass="12" fail="0" skip="0">mixed</stat>
<stat pass="1" fail="0" skip="0">numerical</stat>
<stat pass="4" fail="0" skip="0">text_only</stat>
</tag>
<suite>
<stat pass="17" fail="0" skip="0" id="s1" name="Atcmd">Atcmd</stat>
</suite>
</statistics>
<errors>
</errors>
</robot>
