<?xml version="1.0" encoding="UTF-8"?>
<robot generator="Robot 7.1.1 (Python 3.9.15 on darwin)" generated="2024-11-07T11:45:11.484319" rpa="false" schemaversion="5">
<suite id="s1" name="Atcmd" source="/Users/HannahHoang/Desktop-/Metropolia-STUDY/Test_automation/Test_Automation_for_Embedded_Systems/exercise4/atcmd.robot">
<kw name="Suite setup" owner="common_keywords" type="SETUP">
<kw name="Send AT command" owner="common_keywords">
<kw name="Send Command" owner="AtCommandLibrary">
<arg>AT</arg>
<status status="PASS" start="2024-11-07T11:45:11.540190" elapsed="0.003952"/>
</kw>
<kw name="Response Should Be" owner="AtCommandLibrary">
<arg>AT</arg>
<status status="PASS" start="2024-11-07T11:45:11.544500" elapsed="0.000414"/>
</kw>
<kw name="Response Should Be" owner="AtCommandLibrary">
<arg>OK</arg>
<status status="PASS" start="2024-11-07T11:45:11.545155" elapsed="0.000270"/>
</kw>
<status status="PASS" start="2024-11-07T11:45:11.539267" elapsed="0.006258"/>
</kw>
<kw name="Switch local echo off" owner="common_keywords">
<kw name="Send Command" owner="AtCommandLibrary">
<arg>ATE0</arg>
<status status="PASS" start="2024-11-07T11:45:11.546012" elapsed="0.000270"/>
</kw>
<kw name="Response Should Be" owner="AtCommandLibrary">
<arg>ATE0</arg>
<status status="PASS" start="2024-11-07T11:45:11.546544" elapsed="0.000505"/>
</kw>
<kw name="Response Should Be" owner="AtCommandLibrary">
<arg>OK</arg>
<status status="PASS" start="2024-11-07T11:45:11.547276" elapsed="0.000280"/>
</kw>
<status status="PASS" start="2024-11-07T11:45:11.545739" elapsed="0.001915"/>
</kw>
<kw name="Check echo status" owner="common_keywords">
<kw name="Send Command" owner="AtCommandLibrary">
<arg>ATE</arg>
<status status="PASS" start="2024-11-07T11:45:11.548238" elapsed="0.000378"/>
</kw>
<kw name="Response Should Be" owner="AtCommandLibrary">
<arg>${expected_status}</arg>
<status status="PASS" start="2024-11-07T11:45:11.548942" elapsed="0.000347"/>
</kw>
<arg>OFF</arg>
<status status="PASS" start="2024-11-07T11:45:11.547856" elapsed="0.001568"/>
</kw>
<status status="PASS" start="2024-11-07T11:45:11.538384" elapsed="0.011133"/>
</kw>
<test id="s1-t1" name="Only letters lowecase" line="15">
<kw name="Send text to Pico" owner="common_keywords">
<kw name="Send Text" owner="AtCommandLibrary">
<arg>${command}</arg>
<status status="PASS" start="2024-11-07T11:45:11.551336" elapsed="0.001954"/>
</kw>
<kw name="Response Should Be" owner="AtCommandLibrary">
<arg>SENT="${response}"</arg>
<status status="PASS" start="2024-11-07T11:45:11.553620" elapsed="0.000862"/>
</kw>
<kw name="Response Should Be" owner="AtCommandLibrary">
<arg>OK</arg>
<status status="PASS" start="2024-11-07T11:45:11.554728" elapsed="0.000276"/>
</kw>
<arg>this is a test</arg>
<arg>THIS IS A TEST</arg>
<status status="PASS" start="2024-11-07T11:45:11.550451" elapsed="0.004660"/>
</kw>
<tag>text_only</tag>
<status status="PASS" start="2024-11-07T11:45:11.549607" elapsed="0.005712"/>
</test>
<test id="s1-t2" name="Only Uppercase" line="18">
<kw name="Send text to Pico" owner="common_keywords">
<kw name="Send Text" owner="AtCommandLibrary">
<arg>${command}</arg>
<status status="PASS" start="2024-11-07T11:45:11.557054" elapsed="0.001881"/>
</kw>
<kw name="Response Should Be" owner="AtCommandLibrary">
<arg>SENT="${response}"</arg>
<status status="PASS" start="2024-11-07T11:45:11.559235" elapsed="0.000844"/>
</kw>
<kw name="Response Should Be" owner="AtCommandLibrary">
<arg>OK</arg>
<status status="PASS" start="2024-11-07T11:45:11.560411" elapsed="0.000356"/>
</kw>
<arg>ABCDEFG</arg>
<arg>ABCDEFG</arg>
<status status="PASS" start="2024-11-07T11:45:11.556502" elapsed="0.004471"/>
</kw>
<tag>text_only</tag>
<status status="PASS" start="2024-11-07T11:45:11.555682" elapsed="0.005690"/>
</test>
<test id="s1-t3" name="Lower, Uppercase letters" line="21">
<kw name="Send text to Pico" owner="common_keywords">
<kw name="Send Text" owner="AtCommandLibrary">
<arg>${command}</arg>
<status status="PASS" start="2024-11-07T11:45:11.564103" elapsed="0.002307"/>
</kw>
<kw name="Response Should Be" owner="AtCommandLibrary">
<arg>SENT="${response}"</arg>
<status status="PASS" start="2024-11-07T11:45:11.566661" elapsed="0.000886"/>
</kw>
<kw name="Response Should Be" owner="AtCommandLibrary">
<arg>OK</arg>
<status status="PASS" start="2024-11-07T11:45:11.567719" elapsed="0.000221"/>
</kw>
<arg>tHis Is a test</arg>
<arg>THIS IS A TEST</arg>
<status status="PASS" start="2024-11-07T11:45:11.563627" elapsed="0.004391"/>
</kw>
<tag>text_only</tag>
<status status="PASS" start="2024-11-07T11:45:11.562097" elapsed="0.006108"/>
</test>
<test id="s1-t4" name="Both numbers and letters" line="27">
<kw name="Send text to Pico" owner="common_keywords">
<kw name="Send Text" owner="AtCommandLibrary">
<arg>${command}</arg>
<status status="PASS" start="2024-11-07T11:45:11.569723" elapsed="0.001725"/>
</kw>
<kw name="Response Should Be" owner="AtCommandLibrary">
<arg>SENT="${response}"</arg>
<status status="PASS" start="2024-11-07T11:45:11.571702" elapsed="0.000844"/>
</kw>
<kw name="Response Should Be" owner="AtCommandLibrary">
<arg>OK</arg>
<status status="PASS" start="2024-11-07T11:45:11.572767" elapsed="0.000269"/>
</kw>
<arg>number is 12</arg>
<arg>NUMBER IS 12</arg>
<status status="PASS" start="2024-11-07T11:45:11.569090" elapsed="0.004065"/>
</kw>
<tag>mixed</tag>
<status status="PASS" start="2024-11-07T11:45:11.568463" elapsed="0.004963"/>
</test>
<test id="s1-t5" name="Empty" line="29">
<kw name="Send text to Pico" owner="common_keywords">
<kw name="Send Text" owner="AtCommandLibrary">
<arg>${command}</arg>
<status status="PASS" start="2024-11-07T11:45:11.576096" elapsed="0.001889"/>
</kw>
<kw name="Response Should Be" owner="AtCommandLibrary">
<arg>SENT="${response}"</arg>
<status status="PASS" start="2024-11-07T11:45:11.578329" elapsed="0.000477"/>
</kw>
<kw name="Response Should Be" owner="AtCommandLibrary">
<arg>OK</arg>
<status status="PASS" start="2024-11-07T11:45:11.579019" elapsed="0.000277"/>
</kw>
<arg>${EMPTY}</arg>
<arg>${EMPTY}</arg>
<status status="PASS" start="2024-11-07T11:45:11.574613" elapsed="0.004801"/>
</kw>
<tag>mixed</tag>
<status status="PASS" start="2024-11-07T11:45:11.573835" elapsed="0.005890"/>
</test>
<test id="s1-t6" name="Only Space" line="32">
<kw name="Send text to Pico" owner="common_keywords">
<kw name="Send Text" owner="AtCommandLibrary">
<arg>${command}</arg>
<status status="PASS" start="2024-11-07T11:45:11.583437" elapsed="0.002333"/>
</kw>
<kw name="Response Should Be" owner="AtCommandLibrary">
<arg>SENT="${response}"</arg>
<status status="PASS" start="2024-11-07T11:45:11.586100" elapsed="0.000650"/>
</kw>
<kw name="Response Should Be" owner="AtCommandLibrary">
<arg>OK</arg>
<status status="PASS" start="2024-11-07T11:45:11.586931" elapsed="0.000242"/>
</kw>
<arg>${SPACE*10}</arg>
<arg>${SPACE*10}</arg>
<status status="PASS" start="2024-11-07T11:45:11.581023" elapsed="0.006240"/>
</kw>
<tag>mixed</tag>
<status status="PASS" start="2024-11-07T11:45:11.580173" elapsed="0.007284"/>
</test>
<test id="s1-t7" name="Only Tab" line="35">
<kw name="Send text to Pico" owner="common_keywords">
<kw name="Send Text" owner="AtCommandLibrary">
<arg>${command}</arg>
<status status="PASS" start="2024-11-07T11:45:11.588738" elapsed="0.001887"/>
</kw>
<kw name="Response Should Be" owner="AtCommandLibrary">
<arg>SENT="${response}"</arg>
<status status="PASS" start="2024-11-07T11:45:11.590910" elapsed="0.000487"/>
</kw>
<kw name="Response Should Be" owner="AtCommandLibrary">
<arg>OK</arg>
<status status="PASS" start="2024-11-07T11:45:11.591608" elapsed="0.000211"/>
</kw>
<arg>\t</arg>
<arg>${SPACE}</arg>
<status status="PASS" start="2024-11-07T11:45:11.588298" elapsed="0.003597"/>
</kw>
<tag>mixed</tag>
<status status="PASS" start="2024-11-07T11:45:11.587720" elapsed="0.004390"/>
</test>
<test id="s1-t8" name="Only Characters" line="38">
<kw name="Send text to Pico" owner="common_keywords">
<kw name="Send Text" owner="AtCommandLibrary">
<arg>${command}</arg>
<status status="PASS" start="2024-11-07T11:45:11.593161" elapsed="0.002418"/>
</kw>
<kw name="Response Should Be" owner="AtCommandLibrary">
<arg>SENT="${response}"</arg>
<status status="PASS" start="2024-11-07T11:45:11.595878" elapsed="0.000791"/>
</kw>
<kw name="Response Should Be" owner="AtCommandLibrary">
<arg>OK</arg>
<status status="PASS" start="2024-11-07T11:45:11.597034" elapsed="0.000293"/>
</kw>
<arg>*!#?;&amp;@</arg>
<arg>XXXXXXX</arg>
<status status="PASS" start="2024-11-07T11:45:11.592810" elapsed="0.004619"/>
</kw>
<tag>mixed</tag>
<status status="PASS" start="2024-11-07T11:45:11.592352" elapsed="0.005390"/>
</test>
<test id="s1-t9" name="Only Quotation" line="41">
<kw name="Send text to Pico" owner="common_keywords">
<kw name="Send Text" owner="AtCommandLibrary">
<arg>${command}</arg>
<status status="PASS" start="2024-11-07T11:45:11.599426" elapsed="0.001759"/>
</kw>
<kw name="Response Should Be" owner="AtCommandLibrary">
<arg>SENT="${response}"</arg>
<status status="PASS" start="2024-11-07T11:45:11.601590" elapsed="0.000512"/>
</kw>
<kw name="Response Should Be" owner="AtCommandLibrary">
<arg>OK</arg>
<status status="PASS" start="2024-11-07T11:45:11.602332" elapsed="0.000211"/>
</kw>
<arg>\'\'</arg>
<arg>XX</arg>
<status status="PASS" start="2024-11-07T11:45:11.598935" elapsed="0.003717"/>
</kw>
<tag>mixed</tag>
<status status="PASS" start="2024-11-07T11:45:11.598208" elapsed="0.004655"/>
</test>
<test id="s1-t10" name="Only Double Quotation" line="44">
<kw name="Send text to Pico" owner="common_keywords">
<kw name="Send Text" owner="AtCommandLibrary">
<arg>${command}</arg>
<status status="PASS" start="2024-11-07T11:45:11.604757" elapsed="0.002049"/>
</kw>
<kw name="Response Should Be" owner="AtCommandLibrary">
<arg>SENT="${response}"</arg>
<status status="PASS" start="2024-11-07T11:45:11.607085" elapsed="0.000546"/>
</kw>
<kw name="Response Should Be" owner="AtCommandLibrary">
<arg>OK</arg>
<status status="PASS" start="2024-11-07T11:45:11.607859" elapsed="0.000251"/>
</kw>
<arg>\"\"</arg>
<arg>${EMPTY}</arg>
<status status="PASS" start="2024-11-07T11:45:11.603877" elapsed="0.004424"/>
</kw>
<tag>mixed</tag>
<status status="PASS" start="2024-11-07T11:45:11.603206" elapsed="0.005389"/>
</test>
<test id="s1-t11" name="Printable ASCII" line="47">
<kw name="Send text to Pico" owner="common_keywords">
<kw name="Send Text" owner="AtCommandLibrary">
<arg>${command}</arg>
<status status="PASS" start="2024-11-07T11:45:11.611661" elapsed="0.002436"/>
</kw>
<kw name="Response Should Be" owner="AtCommandLibrary">
<arg>SENT="${response}"</arg>
<status status="PASS" start="2024-11-07T11:45:11.614442" elapsed="0.000916"/>
</kw>
<kw name="Response Should Be" owner="AtCommandLibrary">
<arg>OK</arg>
<status status="PASS" start="2024-11-07T11:45:11.615658" elapsed="0.000463"/>
</kw>
<arg>! # $ % &amp; ' ...</arg>
<arg>X X X X X X XXX</arg>
<status status="PASS" start="2024-11-07T11:45:11.610821" elapsed="0.005404"/>
</kw>
<tag>mixed</tag>
<status status="PASS" start="2024-11-07T11:45:11.609243" elapsed="0.007254"/>
</test>
<test id="s1-t12" name="Letters, Numbers" line="50">
<kw name="Send text to Pico" owner="common_keywords">
<kw name="Send Text" owner="AtCommandLibrary">
<arg>${command}</arg>
<status status="PASS" start="2024-11-07T11:45:11.618424" elapsed="0.002026"/>
</kw>
<kw name="Response Should Be" owner="AtCommandLibrary">
<arg>SENT="${response}"</arg>
<status status="PASS" start="2024-11-07T11:45:11.620763" elapsed="0.000607"/>
</kw>
<kw name="Response Should Be" owner="AtCommandLibrary">
<arg>OK</arg>
<status status="PASS" start="2024-11-07T11:45:11.621586" elapsed="0.000273"/>
</kw>
<arg>abc123</arg>
<arg>ABC123</arg>
<status status="PASS" start="2024-11-07T11:45:11.617803" elapsed="0.004175"/>
</kw>
<tag>mixed</tag>
<status status="PASS" start="2024-11-07T11:45:11.617044" elapsed="0.005233"/>
</test>
<test id="s1-t13" name="Characters and numbers" line="53">
<kw name="Send text to Pico" owner="common_keywords">
<kw name="Send Text" owner="AtCommandLibrary">
<arg>${command}</arg>
<status status="PASS" start="2024-11-07T11:45:11.624403" elapsed="0.002320"/>
</kw>
<kw name="Response Should Be" owner="AtCommandLibrary">
<arg>SENT="${response}"</arg>
<status status="PASS" start="2024-11-07T11:45:11.627763" elapsed="0.000609"/>
</kw>
<kw name="Response Should Be" owner="AtCommandLibrary">
<arg>OK</arg>
<status status="PASS" start="2024-11-07T11:45:11.628574" elapsed="0.000329"/>
</kw>
<arg>!*%4!22?</arg>
<arg>XXX4X22X</arg>
<status status="PASS" start="2024-11-07T11:45:11.623711" elapsed="0.005366"/>
</kw>
<tag>mixed</tag>
<status status="PASS" start="2024-11-07T11:45:11.622803" elapsed="0.006950"/>
</test>
<test id="s1-t14" name="Combining Different Char" line="56">
<kw name="Send text to Pico" owner="common_keywords">
<kw name="Send Text" owner="AtCommandLibrary">
<arg>${command}</arg>
<status status="PASS" start="2024-11-07T11:45:11.632879" elapsed="0.001835"/>
</kw>
<kw name="Response Should Be" owner="AtCommandLibrary">
<arg>SENT="${response}"</arg>
<status status="PASS" start="2024-11-07T11:45:11.634967" elapsed="0.001035"/>
</kw>
<kw name="Response Should Be" owner="AtCommandLibrary">
<arg>OK</arg>
<status status="PASS" start="2024-11-07T11:45:11.636155" elapsed="0.000187"/>
</kw>
<arg>Hello*/ world!12?</arg>
<arg>HELLOXX WORLDX12X</arg>
<status status="PASS" start="2024-11-07T11:45:11.632171" elapsed="0.004248"/>
</kw>
<tag>mixed</tag>
<status status="PASS" start="2024-11-07T11:45:11.630665" elapsed="0.005972"/>
</test>
<test id="s1-t15" name="Letters, Numbers, Char" line="59">
<kw name="Send text to Pico" owner="common_keywords">
<kw name="Send Text" owner="AtCommandLibrary">
<arg>${command}</arg>
<status status="PASS" start="2024-11-07T11:45:11.637906" elapsed="0.001837"/>
</kw>
<kw name="Response Should Be" owner="AtCommandLibrary">
<arg>SENT="${response}"</arg>
<status status="PASS" start="2024-11-07T11:45:11.640074" elapsed="0.001188"/>
</kw>
<kw name="Response Should Be" owner="AtCommandLibrary">
<arg>OK</arg>
<status status="PASS" start="2024-11-07T11:45:11.641632" elapsed="0.000366"/>
</kw>
<arg>thIs iS STRiNG &amp;&amp; 123</arg>
<arg>THIS IS STRING XX 123</arg>
<status status="PASS" start="2024-11-07T11:45:11.637375" elapsed="0.004741"/>
</kw>
<tag>mixed</tag>
<status status="PASS" start="2024-11-07T11:45:11.636892" elapsed="0.005543"/>
</test>
<test id="s1-t16" name="Long text" line="62">
<kw name="Send text to Pico" owner="common_keywords">
<kw name="Send Text" owner="AtCommandLibrary">
<arg>${command}</arg>
<status status="PASS" start="2024-11-07T11:45:11.645761" elapsed="0.002617"/>
</kw>
<kw name="Response Should Be" owner="AtCommandLibrary">
<arg>SENT="${response}"</arg>
<status status="PASS" start="2024-11-07T11:45:11.648780" elapsed="0.002572"/>
</kw>
<kw name="Response Should Be" owner="AtCommandLibrary">
<arg>OK</arg>
<status status="PASS" start="2024-11-07T11:45:11.651583" elapsed="0.000865"/>
</kw>
<arg>this is very long long long long long long long long text</arg>
<arg>THIS IS VERY LONG LONG LONG LONG LONG LONG LONG LONG TEXT</arg>
<status status="PASS" start="2024-11-07T11:45:11.644294" elapsed="0.008551"/>
</kw>
<tag>text_only</tag>
<status status="PASS" start="2024-11-07T11:45:11.642995" elapsed="0.010285"/>
</test>
<kw name="Suite teardown" owner="common_keywords" type="TEARDOWN">
<kw name="Switch local echo on" owner="common_keywords">
<kw name="Send Command" owner="AtCommandLibrary">
<arg>ATE1</arg>
<status status="PASS" start="2024-11-07T11:45:11.656014" elapsed="0.000443"/>
</kw>
<kw name="Response Should Be" owner="AtCommandLibrary">
<arg>OK</arg>
<status status="PASS" start="2024-11-07T11:45:11.656800" elapsed="0.000469"/>
</kw>
<status status="PASS" start="2024-11-07T11:45:11.655561" elapsed="0.001895"/>
</kw>
<kw name="Check echo status" owner="common_keywords">
<kw name="Send Command" owner="AtCommandLibrary">
<arg>ATE</arg>
<status status="PASS" start="2024-11-07T11:45:11.658413" elapsed="0.000602"/>
</kw>
<kw name="Response Should Be" owner="AtCommandLibrary">
<arg>${expected_status}</arg>
<status status="PASS" start="2024-11-07T11:45:11.659451" elapsed="0.000668"/>
</kw>
<arg>ATE</arg>
<status status="PASS" start="2024-11-07T11:45:11.657754" elapsed="0.002558"/>
</kw>
<kw name="Response Should Be" owner="AtCommandLibrary">
<arg>ON</arg>
<status status="PASS" start="2024-11-07T11:45:11.660557" elapsed="0.000404"/>
</kw>
<status status="PASS" start="2024-11-07T11:45:11.654957" elapsed="0.006239"/>
</kw>
<doc>Example of morse transmitter test

Change this example to use data driven style
Test with different texts and speeds</doc>
<status status="PASS" start="2024-11-07T11:45:11.487124" elapsed="0.174142"/>
</suite>
<statistics>
<total>
<stat pass="16" fail="0" skip="0">All Tests</stat>
</total>
<tag>
<stat pass="12" fail="0" skip="0">mixed</stat>
<stat pass="4" fail="0" skip="0">text_only</stat>
</tag>
<suite>
<stat pass="16" fail="0" skip="0" id="s1" name="Atcmd">Atcmd</stat>
</suite>
</statistics>
<errors>
</errors>
</robot>
